[2018-04-10 00:25:22] DDS.RESTSERVICE.INFO: <---REQUEST---> [] []
[2018-04-10 00:25:22] DDS.RESTSERVICE.INFO: {"Items":[{"Cantidad":4,"CodigoMaterialDDS":"103189","Posicion":1},{"Cantidad":4,"CodigoMaterialDDS":"100321","Posicion":2}],"NumeroClienteDDS":"14027","NumeroPedido":"100000046"} [] []
[2018-04-10 00:25:22] DDS.RESTSERVICE.INFO: <---RESPONSE---> [] []
[2018-04-10 00:25:22] DDS.RESTSERVICE.INFO: {"URL":"https://www.farmaciaesencia.com/apis/ventas/realizarCompra","HTTP_CODE":204,"HEADER":"POST /apis/ventas/realizarCompra HTTP/1.1\r\nHost: www.farmaciaesencia.com\r\nAuthorization: Basic MDAwMDAxNDAwNDpzaXNxYXMzMQ==\r\nContent-Type:application/json\r\nAccept:application/json\r\nContent-Length: 179\r\n\r\n","RESPONSE":null} [] []
[2018-04-10 00:25:44] DDS.RESTSERVICE.INFO: <---REQUEST---> [] []
[2018-04-10 00:25:44] DDS.RESTSERVICE.INFO: {"Items":[{"Cantidad":4,"CodigoMaterialDDS":"103189","Posicion":1},{"Cantidad":4,"CodigoMaterialDDS":"100321","Posicion":2}],"NumeroClienteDDS":"14027","NumeroPedido":"100000088"} [] []
[2018-04-10 00:25:44] DDS.RESTSERVICE.INFO: <---RESPONSE---> [] []
[2018-04-10 00:25:44] DDS.RESTSERVICE.INFO: {"URL":"https://www.farmaciaesencia.com/apis/ventas/realizarCompra","HTTP_CODE":204,"HEADER":"POST /apis/ventas/realizarCompra HTTP/1.1\r\nHost: www.farmaciaesencia.com\r\nAuthorization: Basic MDAwMDAxNDAwNDpzaXNxYXMzMQ==\r\nContent-Type:application/json\r\nAccept:application/json\r\nContent-Length: 179\r\n\r\n","RESPONSE":null} [] []
[2018-04-10 00:25:50] DDS.RESTSERVICE.INFO: <---REQUEST---> [] []
[2018-04-10 00:25:50] DDS.RESTSERVICE.INFO: {"NumeroClienteDDS":"14027","NumeroPedido":"100000088"} [] []
[2018-04-10 00:25:50] DDS.RESTSERVICE.INFO: <---RESPONSE---> [] []
[2018-04-10 00:25:50] DDS.RESTSERVICE.INFO: {"URL":"https://www.farmaciaesencia.com/apis/ventas/ObtenerEstadoPedido","HTTP_CODE":200,"HEADER":"POST /apis/ventas/ObtenerEstadoPedido HTTP/1.1\r\nHost: www.farmaciaesencia.com\r\nAuthorization: Basic MDAwMDAxNDAwNDpzaXNxYXMzMQ==\r\nContent-Type:application/json\r\nAccept:application/json\r\nContent-Length: 55\r\n\r\n","RESPONSE":{"Items":null,"Estado":"07","Id":592204,"NumeroClienteDDS":"0000014027","Prestador":"0000014004","NumeroPedido":"100000088"}} [] []
[2018-04-10 00:26:37] DDS.RESTSERVICE.INFO: <---REQUEST---> [] []
[2018-04-10 00:26:37] DDS.RESTSERVICE.INFO: {"NumeroClienteDDS":"14027","NumeroPedido":"100000045"} [] []
[2018-04-10 00:26:37] DDS.RESTSERVICE.INFO: <---RESPONSE---> [] []
[2018-04-10 00:26:37] DDS.RESTSERVICE.INFO: {"URL":"https://www.farmaciaesencia.com/apis/ventas/ObtenerEstadoPedido","HTTP_CODE":200,"HEADER":"POST /apis/ventas/ObtenerEstadoPedido HTTP/1.1\r\nHost: www.farmaciaesencia.com\r\nAuthorization: Basic MDAwMDAxNDAwNDpzaXNxYXMzMQ==\r\nContent-Type:application/json\r\nAccept:application/json\r\nContent-Length: 55\r\n\r\n","RESPONSE":{"Items":null,"Estado":"08","Id":592198,"NumeroClienteDDS":"0000014027","Prestador":"14004","NumeroPedido":"100000045"}} [] []
[2018-04-10 00:27:09] DDS.RESTSERVICE.INFO: <---REQUEST---> [] []
[2018-04-10 00:27:09] DDS.RESTSERVICE.INFO: {"NumeroClienteDDS":"14027","NumeroPedido":"100000046"} [] []
[2018-04-10 00:27:09] DDS.RESTSERVICE.INFO: <---RESPONSE---> [] []
[2018-04-10 00:27:09] DDS.RESTSERVICE.INFO: {"URL":"https://www.farmaciaesencia.com/apis/ventas/ObtenerEstadoPedido","HTTP_CODE":200,"HEADER":"POST /apis/ventas/ObtenerEstadoPedido HTTP/1.1\r\nHost: www.farmaciaesencia.com\r\nAuthorization: Basic MDAwMDAxNDAwNDpzaXNxYXMzMQ==\r\nContent-Type:application/json\r\nAccept:application/json\r\nContent-Length: 55\r\n\r\n","RESPONSE":{"Items":null,"Estado":"07","Id":592203,"NumeroClienteDDS":"0000014027","Prestador":"0000014004","NumeroPedido":"100000046"}} [] []
[2018-04-10 00:29:56] DDS.RESTSERVICE.INFO: <---REQUEST---> [] []
[2018-04-10 00:29:56] DDS.RESTSERVICE.INFO: {"NumeroClienteDDS":"14027","NumeroPedido":"100000089"} [] []
[2018-04-10 00:29:56] DDS.RESTSERVICE.INFO: <---RESPONSE---> [] []
[2018-04-10 00:29:56] DDS.RESTSERVICE.INFO: {"URL":"https://www.farmaciaesencia.com/apis/ventas/ObtenerEstadoPedido","HTTP_CODE":200,"HEADER":"POST /apis/ventas/ObtenerEstadoPedido HTTP/1.1\r\nHost: www.farmaciaesencia.com\r\nAuthorization: Basic MDAwMDAxNDAwNDpzaXNxYXMzMQ==\r\nContent-Type:application/json\r\nAccept:application/json\r\nContent-Length: 55\r\n\r\n","RESPONSE":{"Items":null,"Estado":"07","Id":592206,"NumeroClienteDDS":"0000014027","Prestador":"0000014004","NumeroPedido":"100000089"}} [] []
[2018-04-10 00:31:49] DDS.RESTSERVICE.INFO: <---REQUEST---> [] []
[2018-04-10 00:31:49] DDS.RESTSERVICE.INFO: {"Items":[{"Cantidad":4,"CodigoMaterialDDS":"103189","Posicion":1},{"Cantidad":4,"CodigoMaterialDDS":"100321","Posicion":2}],"Version":"005","NumeroClienteDDS":"14027","NumeroPedido":"100000090"} [] []
[2018-04-10 00:31:49] DDS.RESTSERVICE.INFO: <---RESPONSE---> [] []
[2018-04-10 00:31:49] DDS.RESTSERVICE.INFO: {"URL":"https://www.farmaciaesencia.com/apis/ventas/realizarCompra","HTTP_CODE":204,"HEADER":"POST /apis/ventas/realizarCompra HTTP/1.1\r\nHost: www.farmaciaesencia.com\r\nAuthorization: Basic MDAwMDAxNDAwNDpzaXNxYXMzMQ==\r\nContent-Type:application/json\r\nAccept:application/json\r\nContent-Length: 195\r\n\r\n","RESPONSE":null} [] []
[2018-04-10 00:31:55] DDS.RESTSERVICE.INFO: <---REQUEST---> [] []
[2018-04-10 00:31:55] DDS.RESTSERVICE.INFO: {"NumeroClienteDDS":"14027","NumeroPedido":"100000090"} [] []
[2018-04-10 00:31:55] DDS.RESTSERVICE.INFO: <---RESPONSE---> [] []
[2018-04-10 00:31:55] DDS.RESTSERVICE.INFO: {"URL":"https://www.farmaciaesencia.com/apis/ventas/ObtenerEstadoPedido","HTTP_CODE":200,"HEADER":"POST /apis/ventas/ObtenerEstadoPedido HTTP/1.1\r\nHost: www.farmaciaesencia.com\r\nAuthorization: Basic MDAwMDAxNDAwNDpzaXNxYXMzMQ==\r\nContent-Type:application/json\r\nAccept:application/json\r\nContent-Length: 55\r\n\r\n","RESPONSE":{"Items":null,"Estado":"08","Id":592207,"NumeroClienteDDS":"0000014027","Prestador":"0000014004","NumeroPedido":"100000090"}} [] []
